# JRE version: Java(TM) SE Runtime Environment (19.0+36) (build 19+36-2238)
# Java VM: Java HotSpot(TM) 64-Bit Server VM (19+36-2238, mixed mode, sharing, tiered, compressed oops, compressed class ptrs, g1 gc, windows-amd64)
GC Precious Log:
 CardTable entry size: 512
 Card Set container configuration: InlinePtr #cards 4 size 8 Array Of Cards #cards 8 size 32 Howl #buckets 8 coarsen threshold 3686 Howl Bitmap #cards 512 size 80 coarsen threshold 460 Card regions per heap region 1 cards per card region 4096
 CPUs: 8 total, 8 available
 Memory: 15741M
 Large Page Support: Disabled
 NUMA Support: Disabled
 Compressed Oops: Enabled (Zero based)
 Heap Region Size: 2M
 Heap Min Capacity: 8M
 Heap Initial Capacity: 246M
 Heap Max Capacity: 3936M
 Pre-touch: Disabled
 Parallel Workers: 8
 Concurrent Workers: 2
 Concurrent Refinement Workers: 8
 Periodic GC: Disabled
Heap:
 garbage-first heap   total 606208K, used 594800K [0x000000070a000000, 0x0000000800000000)
  region size 2048K, 1 young (2048K), 1 survivors (2048K)
 Metaspace       used 173K, committed 384K, reserved 1114112K
  class space    used 7K, committed 128K, reserved 1048576K
GC Heap History (20 events):
Event: 0.118 GC heap after
{Heap after GC invocations=1 (full 0):
 garbage-first heap   total 251904K, used 2355K [0x000000070a000000, 0x0000000800000000)
  region size 2048K, 2 young (4096K), 2 survivors (4096K)
 Metaspace       used 167K, committed 384K, reserved 1114112K
  class space    used 7K, committed 128K, reserved 1048576K
}
Event: 0.135 GC heap before
{Heap before GC invocations=1 (full 0):
 garbage-first heap   total 251904K, used 41267K [0x000000070a000000, 0x0000000800000000)
  region size 2048K, 22 young (45056K), 2 survivors (4096K)
 Metaspace       used 167K, committed 384K, reserved 1114112K
  class space    used 7K, committed 128K, reserved 1048576K
}
Event: 0.138 GC heap after
{Heap after GC invocations=2 (full 0):
 garbage-first heap   total 251904K, used 3379K [0x000000070a000000, 0x0000000800000000)
  region size 2048K, 2 young (4096K), 2 survivors (4096K)
 Metaspace       used 167K, committed 384K, reserved 1114112K
  class space    used 7K, committed 128K, reserved 1048576K
}
Event: 0.210 GC heap before
{Heap before GC invocations=2 (full 0):
 garbage-first heap   total 251904K, used 146739K [0x000000070a000000, 0x0000000800000000)
  region size 2048K, 73 young (149504K), 2 survivors (4096K)
 Metaspace       used 173K, committed 384K, reserved 1114112K
  class space    used 7K, committed 128K, reserved 1048576K
}
Event: 0.215 GC heap after
{Heap after GC invocations=3 (full 0):
 garbage-first heap   total 251904K, used 5552K [0x000000070a000000, 0x0000000800000000)
  region size 2048K, 3 young (6144K), 3 survivors (6144K)
 Metaspace       used 173K, committed 384K, reserved 1114112K
  class space    used 7K, committed 128K, reserved 1048576K
}
Event: 0.251 GC heap before
{Heap before GC invocations=3 (full 0):
 garbage-first heap   total 251904K, used 146864K [0x000000070a000000, 0x0000000800000000)
  region size 2048K, 73 young (149504K), 3 survivors (6144K)
 Metaspace       used 173K, committed 384K, reserved 1114112K
  class space    used 7K, committed 128K, reserved 1048576K
}
Event: 0.257 GC heap after
{Heap after GC invocations=4 (full 0):
 garbage-first heap   total 251904K, used 7884K [0x000000070a000000, 0x0000000800000000)
  region size 2048K, 4 young (8192K), 4 survivors (8192K)
 Metaspace       used 173K, committed 384K, reserved 1114112K
  class space    used 7K, committed 128K, reserved 1048576K
}
Event: 0.320 GC heap before
{Heap before GC invocations=4 (full 0):
 garbage-first heap   total 251904K, used 179916K [0x000000070a000000, 0x0000000800000000)
  region size 2048K, 35 young (71680K), 4 survivors (8192K)
 Metaspace       used 173K, committed 384K, reserved 1114112K
  class space    used 7K, committed 128K, reserved 1048576K
}
Event: 0.430 GC heap after
{Heap after GC invocations=5 (full 0):
 garbage-first heap   total 503808K, used 119044K [0x000000070a000000, 0x0000000800000000)
  region size 2048K, 4 young (8192K), 4 survivors (8192K)
 Metaspace       used 173K, committed 384K, reserved 1114112K
  class space    used 7K, committed 128K, reserved 1048576K
}
Event: 0.453 GC heap before
{Heap before GC invocations=5 (full 0):
 garbage-first heap   total 503808K, used 233732K [0x000000070a000000, 0x0000000800000000)
  region size 2048K, 5 young (10240K), 4 survivors (8192K)
 Metaspace       used 173K, committed 384K, reserved 1114112K
  class space    used 7K, committed 128K, reserved 1048576K
}
Event: 0.579 GC heap after
{Heap after GC invocations=6 (full 0):
 garbage-first heap   total 503808K, used 234252K [0x000000070a000000, 0x0000000800000000)
  region size 2048K, 2 young (4096K), 2 survivors (4096K)
 Metaspace       used 173K, committed 384K, reserved 1114112K
  class space    used 7K, committed 128K, reserved 1048576K
}
Event: 0.676 GC heap before
{Heap before GC invocations=7 (full 0):
 garbage-first heap   total 247808K, used 244492K [0x000000070a000000, 0x0000000800000000)
  region size 2048K, 3 young (6144K), 2 survivors (4096K)
 Metaspace       used 173K, committed 384K, reserved 1114112K
  class space    used 7K, committed 128K, reserved 1048576K
}
Event: 0.741 GC heap after
{Heap after GC invocations=8 (full 0):
 garbage-first heap   total 253952K, used 243533K [0x000000070a000000, 0x0000000800000000)
  region size 2048K, 2 young (4096K), 2 survivors (4096K)
 Metaspace       used 173K, committed 384K, reserved 1114112K
  class space    used 7K, committed 128K, reserved 1048576K
}
Event: 0.855 GC heap before
{Heap before GC invocations=8 (full 0):
 garbage-first heap   total 464896K, used 460621K [0x000000070a000000, 0x0000000800000000)
  region size 2048K, 3 young (6144K), 2 survivors (4096K)
 Metaspace       used 173K, committed 384K, reserved 1114112K
  class space    used 7K, committed 128K, reserved 1048576K
}
Event: 0.923 GC heap after
{Heap after GC invocations=9 (full 0):
 garbage-first heap   total 468992K, used 459656K [0x000000070a000000, 0x0000000800000000)
  region size 2048K, 1 young (2048K), 1 survivors (2048K)
 Metaspace       used 173K, committed 384K, reserved 1114112K
  class space    used 7K, committed 128K, reserved 1048576K
}
Event: 0.923 GC heap before
{Heap before GC invocations=9 (full 0):
 garbage-first heap   total 468992K, used 459656K [0x000000070a000000, 0x0000000800000000)
  region size 2048K, 2 young (4096K), 1 survivors (2048K)
 Metaspace       used 173K, committed 384K, reserved 1114112K
  class space    used 7K, committed 128K, reserved 1048576K
}
Event: 0.936 GC heap after
{Heap after GC invocations=10 (full 0):
 garbage-first heap   total 468992K, used 459685K [0x000000070a000000, 0x0000000800000000)
  region size 2048K, 2 young (4096K), 2 survivors (4096K)
 Metaspace       used 173K, committed 384K, reserved 1114112K
  class space    used 7K, committed 128K, reserved 1048576K
}
Event: 1.025 GC heap before
{Heap before GC invocations=11 (full 0):
 garbage-first heap   total 221184K, used 218021K [0x000000070a000000, 0x0000000800000000)
  region size 2048K, 3 young (6144K), 2 survivors (4096K)
 Metaspace       used 173K, committed 384K, reserved 1114112K
  class space    used 7K, committed 128K, reserved 1048576K
}
Event: 1.077 GC heap after
{Heap after GC invocations=12 (full 0):
 garbage-first heap   total 225280K, used 217048K [0x000000070a000000, 0x0000000800000000)
  region size 2048K, 2 young (4096K), 2 survivors (4096K)
 Metaspace       used 173K, committed 384K, reserved 1114112K
  class space    used 7K, committed 128K, reserved 1048576K
}
Event: 1.239 GC heap before
{Heap before GC invocations=12 (full 0):
 garbage-first heap   total 598016K, used 595928K [0x000000070a000000, 0x0000000800000000)
  region size 2048K, 3 young (6144K), 2 survivors (4096K)
 Metaspace       used 173K, committed 384K, reserved 1114112K
  class space    used 7K, committed 128K, reserved 1048576K
}

