# JRE version: Java(TM) SE Runtime Environment (19.0+36) (build 19+36-2238)
# Java VM: Java HotSpot(TM) 64-Bit Server VM (19+36-2238, mixed mode, sharing, tiered, compressed oops, compressed class ptrs, g1 gc, windows-amd64)
GC Precious Log:
 CardTable entry size: 512
 Card Set container configuration: InlinePtr #cards 4 size 8 Array Of Cards #cards 8 size 32 Howl #buckets 8 coarsen threshold 3686 Howl Bitmap #cards 512 size 80 coarsen threshold 460 Card regions per heap region 1 cards per card region 4096
 CPUs: 8 total, 8 available
 Memory: 15741M
 Large Page Support: Disabled
 NUMA Support: Disabled
 Compressed Oops: Enabled (Zero based)
 Heap Region Size: 2M
 Heap Min Capacity: 8M
 Heap Initial Capacity: 246M
 Heap Max Capacity: 3936M
 Pre-touch: Disabled
 Parallel Workers: 8
 Concurrent Workers: 2
 Concurrent Refinement Workers: 8
 Periodic GC: Disabled
Heap:
 garbage-first heap   total 1040384K, used 302905K [0x000000070a000000, 0x0000000800000000)
  region size 2048K, 1 young (2048K), 1 survivors (2048K)
 Metaspace       used 170K, committed 384K, reserved 1114112K
  class space    used 7K, committed 128K, reserved 1048576K
GC Heap History (20 events):
Event: 0.505 GC heap after
{Heap after GC invocations=5 (full 0):
 garbage-first heap   total 503808K, used 117968K [0x000000070a000000, 0x0000000800000000)
  region size 2048K, 3 young (6144K), 3 survivors (6144K)
 Metaspace       used 168K, committed 384K, reserved 1114112K
  class space    used 7K, committed 128K, reserved 1048576K
}
Event: 0.521 GC heap before
{Heap before GC invocations=5 (full 0):
 garbage-first heap   total 503808K, used 232656K [0x000000070a000000, 0x0000000800000000)
  region size 2048K, 4 young (8192K), 3 survivors (6144K)
 Metaspace       used 168K, committed 384K, reserved 1114112K
  class space    used 7K, committed 128K, reserved 1048576K
}
Event: 0.647 GC heap after
{Heap after GC invocations=6 (full 0):
 garbage-first heap   total 503808K, used 233208K [0x000000070a000000, 0x0000000800000000)
  region size 2048K, 3 young (6144K), 3 survivors (6144K)
 Metaspace       used 168K, committed 384K, reserved 1114112K
  class space    used 7K, committed 128K, reserved 1048576K
}
Event: 0.749 GC heap before
{Heap before GC invocations=7 (full 0):
 garbage-first heap   total 266240K, used 124664K [0x000000070a000000, 0x0000000800000000)
  region size 2048K, 4 young (8192K), 3 survivors (6144K)
 Metaspace       used 168K, committed 384K, reserved 1114112K
  class space    used 7K, committed 128K, reserved 1048576K
}
Event: 0.849 GC heap after
{Heap after GC invocations=8 (full 0):
 garbage-first heap   total 266240K, used 125238K [0x000000070a000000, 0x0000000800000000)
  region size 2048K, 2 young (4096K), 2 survivors (4096K)
 Metaspace       used 168K, committed 384K, reserved 1114112K
  class space    used 7K, committed 128K, reserved 1048576K
}
Event: 0.990 GC heap before
{Heap before GC invocations=9 (full 0):
 garbage-first heap   total 440320K, used 436534K [0x000000070a000000, 0x0000000800000000)
  region size 2048K, 3 young (6144K), 2 survivors (4096K)
 Metaspace       used 168K, committed 384K, reserved 1114112K
  class space    used 7K, committed 128K, reserved 1048576K
}
Event: 1.101 GC heap after
{Heap after GC invocations=10 (full 0):
 garbage-first heap   total 444416K, used 436351K [0x000000070a000000, 0x0000000800000000)
  region size 2048K, 1 young (2048K), 1 survivors (2048K)
 Metaspace       used 168K, committed 384K, reserved 1114112K
  class space    used 7K, committed 128K, reserved 1048576K
}
Event: 1.359 GC heap before
{Heap before GC invocations=10 (full 0):
 garbage-first heap   total 1032192K, used 1030271K [0x000000070a000000, 0x0000000800000000)
  region size 2048K, 2 young (4096K), 1 survivors (2048K)
 Metaspace       used 168K, committed 384K, reserved 1114112K
  class space    used 7K, committed 128K, reserved 1048576K
}
Event: 1.524 GC heap after
{Heap after GC invocations=11 (full 0):
 garbage-first heap   total 1038336K, used 1030506K [0x000000070a000000, 0x0000000800000000)
  region size 2048K, 2 young (4096K), 2 survivors (4096K)
 Metaspace       used 168K, committed 384K, reserved 1114112K
  class space    used 7K, committed 128K, reserved 1048576K
}
Event: 1.635 GC heap before
{Heap before GC invocations=11 (full 0):
 garbage-first heap   total 1038336K, used 1030506K [0x000000070a000000, 0x0000000800000000)
  region size 2048K, 3 young (6144K), 2 survivors (4096K)
 Metaspace       used 168K, committed 384K, reserved 1114112K
  class space    used 7K, committed 128K, reserved 1048576K
}
Event: 1.785 GC heap after
{Heap after GC invocations=12 (full 0):
 garbage-first heap   total 1040384K, used 1030682K [0x000000070a000000, 0x0000000800000000)
  region size 2048K, 3 young (6144K), 3 survivors (6144K)
 Metaspace       used 168K, committed 384K, reserved 1114112K
  class space    used 7K, committed 128K, reserved 1048576K
}
Event: 1.980 GC heap before
{Heap before GC invocations=13 (full 0):
 garbage-first heap   total 319488K, used 313882K [0x000000070a000000, 0x0000000800000000)
  region size 2048K, 5 young (10240K), 3 survivors (6144K)
 Metaspace       used 168K, committed 384K, reserved 1114112K
  class space    used 7K, committed 128K, reserved 1048576K
}
Event: 2.068 GC heap after
{Heap after GC invocations=14 (full 0):
 garbage-first heap   total 976896K, used 302633K [0x000000070a000000, 0x0000000800000000)
  region size 2048K, 3 young (6144K), 3 survivors (6144K)
 Metaspace       used 168K, committed 384K, reserved 1114112K
  class space    used 7K, committed 128K, reserved 1048576K
}
Event: 2.094 GC heap before
{Heap before GC invocations=14 (full 0):
 garbage-first heap   total 976896K, used 341545K [0x000000070a000000, 0x0000000800000000)
  region size 2048K, 23 young (47104K), 3 survivors (6144K)
 Metaspace       used 170K, committed 384K, reserved 1114112K
  class space    used 7K, committed 128K, reserved 1048576K
}
Event: 2.167 GC heap after
{Heap after GC invocations=15 (full 0):
 garbage-first heap   total 976896K, used 302682K [0x000000070a000000, 0x0000000800000000)
  region size 2048K, 2 young (4096K), 2 survivors (4096K)
 Metaspace       used 170K, committed 384K, reserved 1114112K
  class space    used 7K, committed 128K, reserved 1048576K
}
Event: 2.174 GC heap before
{Heap before GC invocations=15 (full 0):
 garbage-first heap   total 976896K, used 343642K [0x000000070a000000, 0x0000000800000000)
  region size 2048K, 23 young (47104K), 2 survivors (4096K)
 Metaspace       used 170K, committed 384K, reserved 1114112K
  class space    used 7K, committed 128K, reserved 1048576K
}
Event: 2.217 GC heap after
{Heap after GC invocations=16 (full 0):
 garbage-first heap   total 976896K, used 302764K [0x000000070a000000, 0x0000000800000000)
  region size 2048K, 2 young (4096K), 2 survivors (4096K)
 Metaspace       used 170K, committed 384K, reserved 1114112K
  class space    used 7K, committed 128K, reserved 1048576K
}
Event: 2.225 GC heap before
{Heap before GC invocations=16 (full 0):
 garbage-first heap   total 976896K, used 343724K [0x000000070a000000, 0x0000000800000000)
  region size 2048K, 23 young (47104K), 2 survivors (4096K)
 Metaspace       used 170K, committed 384K, reserved 1114112K
  class space    used 7K, committed 128K, reserved 1048576K
}
Event: 2.265 GC heap after
{Heap after GC invocations=17 (full 0):
 garbage-first heap   total 976896K, used 302976K [0x000000070a000000, 0x0000000800000000)
  region size 2048K, 1 young (2048K), 1 survivors (2048K)
 Metaspace       used 170K, committed 384K, reserved 1114112K
  class space    used 7K, committed 128K, reserved 1048576K
}
Event: 2.271 GC heap before
{Heap before GC invocations=17 (full 0):
 garbage-first heap   total 976896K, used 345984K [0x000000070a000000, 0x0000000800000000)
  region size 2048K, 23 young (47104K), 1 survivors (2048K)
 Metaspace       used 170K, committed 384K, reserved 1114112K
  class space    used 7K, committed 128K, reserved 1048576K
}

