# JRE version: Java(TM) SE Runtime Environment (19.0+36) (build 19+36-2238)
# Java VM: Java HotSpot(TM) 64-Bit Server VM (19+36-2238, mixed mode, sharing, tiered, compressed oops, compressed class ptrs, g1 gc, windows-amd64)
GC Precious Log:
 CardTable entry size: 512
 Card Set container configuration: InlinePtr #cards 5 size 8 Array Of Cards #cards 12 size 40 Howl #buckets 4 coarsen threshold 1843 Howl Bitmap #cards 512 size 80 coarsen threshold 460 Card regions per heap region 1 cards per card region 2048
 CPUs: 8 total, 8 available
 Memory: 15741M
 Large Page Support: Disabled
 NUMA Support: Disabled
 Compressed Oops: Enabled (32-bit)
 Heap Region Size: 1M
 Heap Min Capacity: 256M
 Heap Initial Capacity: 256M
 Heap Max Capacity: 512M
 Pre-touch: Disabled
 Parallel Workers: 8
 Concurrent Workers: 2
 Concurrent Refinement Workers: 8
 Periodic GC: Disabled
Heap:
 garbage-first heap   total 262144K, used 151069K [0x00000000e0000000, 0x0000000100000000)
  region size 1024K, 117 young (119808K), 1 survivors (1024K)
 Metaspace       used 47601K, committed 49344K, reserved 380928K
  class space    used 6712K, committed 7616K, reserved 315392K
GC Heap History (12 events):
Event: 0.892 GC heap before
{Heap before GC invocations=0 (full 0):
 garbage-first heap   total 262144K, used 26624K [0x00000000e0000000, 0x0000000100000000)
  region size 1024K, 23 young (23552K), 0 survivors (0K)
 Metaspace       used 3161K, committed 3264K, reserved 380928K
  class space    used 389K, committed 448K, reserved 315392K
}
Event: 0.897 GC heap after
{Heap after GC invocations=1 (full 0):
 garbage-first heap   total 262144K, used 10650K [0x00000000e0000000, 0x0000000100000000)
  region size 1024K, 3 young (3072K), 3 survivors (3072K)
 Metaspace       used 3161K, committed 3264K, reserved 380928K
  class space    used 389K, committed 448K, reserved 315392K
}
Event: 1.418 GC heap before
{Heap before GC invocations=1 (full 0):
 garbage-first heap   total 262144K, used 41370K [0x00000000e0000000, 0x0000000100000000)
  region size 1024K, 32 young (32768K), 3 survivors (3072K)
 Metaspace       used 4125K, committed 4288K, reserved 380928K
  class space    used 484K, committed 576K, reserved 315392K
}
Event: 1.424 GC heap after
{Heap after GC invocations=2 (full 0):
 garbage-first heap   total 262144K, used 12922K [0x00000000e0000000, 0x0000000100000000)
  region size 1024K, 3 young (3072K), 3 survivors (3072K)
 Metaspace       used 4125K, committed 4288K, reserved 380928K
  class space    used 484K, committed 576K, reserved 315392K
}
Event: 3.859 GC heap before
{Heap before GC invocations=2 (full 0):
 garbage-first heap   total 262144K, used 113274K [0x00000000e0000000, 0x0000000100000000)
  region size 1024K, 102 young (104448K), 3 survivors (3072K)
 Metaspace       used 20828K, committed 21504K, reserved 380928K
  class space    used 2964K, committed 3328K, reserved 315392K
}
Event: 3.869 GC heap after
{Heap after GC invocations=3 (full 0):
 garbage-first heap   total 262144K, used 22428K [0x00000000e0000000, 0x0000000100000000)
  region size 1024K, 12 young (12288K), 12 survivors (12288K)
 Metaspace       used 20828K, committed 21504K, reserved 380928K
  class space    used 2964K, committed 3328K, reserved 315392K
}
Event: 5.501 GC heap before
{Heap before GC invocations=4 (full 0):
 garbage-first heap   total 262144K, used 125852K [0x00000000e0000000, 0x0000000100000000)
  region size 1024K, 115 young (117760K), 12 survivors (12288K)
 Metaspace       used 34766K, committed 35968K, reserved 380928K
  class space    used 4846K, committed 5440K, reserved 315392K
}
Event: 5.517 GC heap after
{Heap after GC invocations=5 (full 0):
 garbage-first heap   total 262144K, used 31311K [0x00000000e0000000, 0x0000000100000000)
  region size 1024K, 9 young (9216K), 9 survivors (9216K)
 Metaspace       used 34766K, committed 35968K, reserved 380928K
  class space    used 4846K, committed 5440K, reserved 315392K
}
Event: 5.558 GC heap before
{Heap before GC invocations=5 (full 0):
 garbage-first heap   total 262144K, used 34383K [0x00000000e0000000, 0x0000000100000000)
  region size 1024K, 12 young (12288K), 9 survivors (9216K)
 Metaspace       used 35004K, committed 36224K, reserved 380928K
  class space    used 4864K, committed 5504K, reserved 315392K
}
Event: 5.569 GC heap after
{Heap after GC invocations=6 (full 0):
 garbage-first heap   total 262144K, used 31221K [0x00000000e0000000, 0x0000000100000000)
  region size 1024K, 2 young (2048K), 2 survivors (2048K)
 Metaspace       used 35004K, committed 36224K, reserved 380928K
  class space    used 4864K, committed 5504K, reserved 315392K
}
Event: 5.580 GC heap before
{Heap before GC invocations=6 (full 0):
 garbage-first heap   total 262144K, used 36341K [0x00000000e0000000, 0x0000000100000000)
  region size 1024K, 4 young (4096K), 2 survivors (2048K)
 Metaspace       used 35110K, committed 36288K, reserved 380928K
  class space    used 4865K, committed 5504K, reserved 315392K
}
Event: 5.582 GC heap after
{Heap after GC invocations=7 (full 0):
 garbage-first heap   total 262144K, used 32285K [0x00000000e0000000, 0x0000000100000000)
  region size 1024K, 1 young (1024K), 1 survivors (1024K)
 Metaspace       used 35110K, committed 36288K, reserved 380928K
  class space    used 4865K, committed 5504K, reserved 315392K
}

