# JRE version: Java(TM) SE Runtime Environment (19.0+36) (build 19+36-2238)
# Java VM: Java HotSpot(TM) 64-Bit Server VM (19+36-2238, mixed mode, sharing, tiered, compressed oops, compressed class ptrs, g1 gc, windows-amd64)
GC Precious Log:
 CardTable entry size: 512
 Card Set container configuration: InlinePtr #cards 5 size 8 Array Of Cards #cards 12 size 40 Howl #buckets 4 coarsen threshold 1843 Howl Bitmap #cards 512 size 80 coarsen threshold 460 Card regions per heap region 1 cards per card region 2048
 CPUs: 8 total, 8 available
 Memory: 15741M
 Large Page Support: Disabled
 NUMA Support: Disabled
 Compressed Oops: Enabled (32-bit)
 Heap Region Size: 1M
 Heap Min Capacity: 256M
 Heap Initial Capacity: 256M
 Heap Max Capacity: 512M
 Pre-touch: Disabled
 Parallel Workers: 8
 Concurrent Workers: 2
 Concurrent Refinement Workers: 8
 Periodic GC: Disabled
Heap:
 garbage-first heap   total 262144K, used 150294K [0x00000000e0000000, 0x0000000100000000)
  region size 1024K, 95 young (97280K), 5 survivors (5120K)
 Metaspace       used 69520K, committed 71616K, reserved 380928K
  class space    used 9421K, committed 10496K, reserved 315392K
GC Heap History (18 events):
Event: 0.840 GC heap before
{Heap before GC invocations=0 (full 0):
 garbage-first heap   total 262144K, used 26624K [0x00000000e0000000, 0x0000000100000000)
  region size 1024K, 23 young (23552K), 0 survivors (0K)
 Metaspace       used 3155K, committed 3264K, reserved 380928K
  class space    used 390K, committed 448K, reserved 315392K
}
Event: 0.845 GC heap after
{Heap after GC invocations=1 (full 0):
 garbage-first heap   total 262144K, used 10304K [0x00000000e0000000, 0x0000000100000000)
  region size 1024K, 3 young (3072K), 3 survivors (3072K)
 Metaspace       used 3155K, committed 3264K, reserved 380928K
  class space    used 390K, committed 448K, reserved 315392K
}
Event: 1.361 GC heap before
{Heap before GC invocations=1 (full 0):
 garbage-first heap   total 262144K, used 41024K [0x00000000e0000000, 0x0000000100000000)
  region size 1024K, 32 young (32768K), 3 survivors (3072K)
 Metaspace       used 4115K, committed 4288K, reserved 380928K
  class space    used 483K, committed 576K, reserved 315392K
}
Event: 1.365 GC heap after
{Heap after GC invocations=2 (full 0):
 garbage-first heap   total 262144K, used 12809K [0x00000000e0000000, 0x0000000100000000)
  region size 1024K, 3 young (3072K), 3 survivors (3072K)
 Metaspace       used 4115K, committed 4288K, reserved 380928K
  class space    used 483K, committed 576K, reserved 315392K
}
Event: 3.547 GC heap before
{Heap before GC invocations=2 (full 0):
 garbage-first heap   total 262144K, used 113161K [0x00000000e0000000, 0x0000000100000000)
  region size 1024K, 102 young (104448K), 3 survivors (3072K)
 Metaspace       used 20868K, committed 21504K, reserved 380928K
  class space    used 2966K, committed 3328K, reserved 315392K
}
Event: 3.560 GC heap after
{Heap after GC invocations=3 (full 0):
 garbage-first heap   total 262144K, used 22778K [0x00000000e0000000, 0x0000000100000000)
  region size 1024K, 13 young (13312K), 13 survivors (13312K)
 Metaspace       used 20868K, committed 21504K, reserved 380928K
  class space    used 2966K, committed 3328K, reserved 315392K
}
Event: 5.185 GC heap before
{Heap before GC invocations=4 (full 0):
 garbage-first heap   total 262144K, used 129274K [0x00000000e0000000, 0x0000000100000000)
  region size 1024K, 119 young (121856K), 13 survivors (13312K)
 Metaspace       used 34849K, committed 35968K, reserved 380928K
  class space    used 4850K, committed 5440K, reserved 315392K
}
Event: 5.199 GC heap after
{Heap after GC invocations=5 (full 0):
 garbage-first heap   total 262144K, used 30872K [0x00000000e0000000, 0x0000000100000000)
  region size 1024K, 9 young (9216K), 9 survivors (9216K)
 Metaspace       used 34849K, committed 35968K, reserved 380928K
  class space    used 4850K, committed 5440K, reserved 315392K
}
Event: 7.563 GC heap before
{Heap before GC invocations=6 (full 0):
 garbage-first heap   total 262144K, used 184472K [0x00000000e0000000, 0x0000000100000000)
  region size 1024K, 153 young (156672K), 9 survivors (9216K)
 Metaspace       used 50135K, committed 51840K, reserved 380928K
  class space    used 7098K, committed 8000K, reserved 315392K
}
Event: 7.577 GC heap after
{Heap after GC invocations=7 (full 0):
 garbage-first heap   total 262144K, used 40125K [0x00000000e0000000, 0x0000000100000000)
  region size 1024K, 18 young (18432K), 18 survivors (18432K)
 Metaspace       used 50135K, committed 51840K, reserved 380928K
  class space    used 7098K, committed 8000K, reserved 315392K
}
Event: 8.596 GC heap before
{Heap before GC invocations=7 (full 0):
 garbage-first heap   total 262144K, used 88253K [0x00000000e0000000, 0x0000000100000000)
  region size 1024K, 67 young (68608K), 18 survivors (18432K)
 Metaspace       used 58296K, committed 60096K, reserved 380928K
  class space    used 8311K, committed 9280K, reserved 315392K
}
Event: 8.614 GC heap after
{Heap after GC invocations=8 (full 0):
 garbage-first heap   total 262144K, used 45839K [0x00000000e0000000, 0x0000000100000000)
  region size 1024K, 16 young (16384K), 16 survivors (16384K)
 Metaspace       used 58296K, committed 60096K, reserved 380928K
  class space    used 8311K, committed 9280K, reserved 315392K
}
Event: 73.395 GC heap before
{Heap before GC invocations=9 (full 0):
 garbage-first heap   total 262144K, used 185103K [0x00000000e0000000, 0x0000000100000000)
  region size 1024K, 153 young (156672K), 16 survivors (16384K)
 Metaspace       used 66949K, committed 68928K, reserved 380928K
  class space    used 9347K, committed 10368K, reserved 315392K
}
Event: 73.423 GC heap after
{Heap after GC invocations=10 (full 0):
 garbage-first heap   total 262144K, used 56556K [0x00000000e0000000, 0x0000000100000000)
  region size 1024K, 17 young (17408K), 17 survivors (17408K)
 Metaspace       used 66949K, committed 68928K, reserved 380928K
  class space    used 9347K, committed 10368K, reserved 315392K
}
Event: 73.424 GC heap before
{Heap before GC invocations=10 (full 0):
 garbage-first heap   total 262144K, used 57580K [0x00000000e0000000, 0x0000000100000000)
  region size 1024K, 18 young (18432K), 17 survivors (17408K)
 Metaspace       used 66949K, committed 68928K, reserved 380928K
  class space    used 9347K, committed 10368K, reserved 315392K
}
Event: 73.437 GC heap after
{Heap after GC invocations=11 (full 0):
 garbage-first heap   total 262144K, used 57506K [0x00000000e0000000, 0x0000000100000000)
  region size 1024K, 2 young (2048K), 2 survivors (2048K)
 Metaspace       used 66949K, committed 68928K, reserved 380928K
  class space    used 9347K, committed 10368K, reserved 315392K
}
Event: 597.770 GC heap before
{Heap before GC invocations=11 (full 0):
 garbage-first heap   total 262144K, used 192674K [0x00000000e0000000, 0x0000000100000000)
  region size 1024K, 135 young (138240K), 2 survivors (2048K)
 Metaspace       used 68631K, committed 70656K, reserved 380928K
  class space    used 9402K, committed 10496K, reserved 315392K
}
Event: 597.776 GC heap after
{Heap after GC invocations=12 (full 0):
 garbage-first heap   total 262144K, used 60182K [0x00000000e0000000, 0x0000000100000000)
  region size 1024K, 5 young (5120K), 5 survivors (5120K)
 Metaspace       used 68631K, committed 70656K, reserved 380928K
  class space    used 9402K, committed 10496K, reserved 315392K
}

